<?xml version="1.0" encoding="UTF-8"?>
<testsuite name="gitlet.StagingAreaTest" tests="9" skipped="0" failures="0" errors="0" timestamp="2025-08-05T19:46:26" hostname="Erics-MacBook-Air.local" time="0.02">
  <properties/>
  <testcase name="normalizationAndEscapes()" classname="gitlet.StagingAreaTest" time="0.002"/>
  <testcase name="applyToAppliesDeltaOverHead()" classname="gitlet.StagingAreaTest" time="0.001"/>
  <testcase name="saveOrdersRecordsDeterministically()" classname="gitlet.StagingAreaTest" time="0.002"/>
  <testcase name="loadErrorsOnCorruptLinesAndUnknownTags()" classname="gitlet.StagingAreaTest" time="0.004"/>
  <testcase name="tabsOrNewlinesRejected()" classname="gitlet.StagingAreaTest" time="0.002"/>
  <testcase name="pruneAgainstRemovesNoops()" classname="gitlet.StagingAreaTest" time="0.001"/>
  <testcase name="saveLoadRoundTripPreservesContent()" classname="gitlet.StagingAreaTest" time="0.001"/>
  <testcase name="addRemoveInterplay()" classname="gitlet.StagingAreaTest" time="0.001"/>
  <testcase name="unstageMethodsClearEntries()" classname="gitlet.StagingAreaTest" time="0.002"/>
  <system-out><![CDATA[]]></system-out>
  <system-err><![CDATA[]]></system-err>
</testsuite>
