<?xml version="1.0" encoding="UTF-8"?>
<testsuite name="gitlet.RefsTest" tests="2" skipped="0" failures="0" errors="0" timestamp="2025-08-05T19:46:26" hostname="Erics-MacBook-Air.local" time="0.01">
  <properties/>
  <testcase name="readWriteRefs()" classname="gitlet.RefsTest" time="0.005"/>
  <testcase name="currentBranchNameAndHeadModes()" classname="gitlet.RefsTest" time="0.005"/>
  <system-out><![CDATA[]]></system-out>
  <system-err><![CDATA[]]></system-err>
</testsuite>
