<?xml version="1.0" encoding="UTF-8"?>
<testsuite name="gitlet.CommitTest" tests="4" skipped="0" failures="0" errors="0" timestamp="2025-08-05T19:46:26" hostname="Erics-MacBook-Air.local" time="0.016">
  <properties/>
  <testcase name="deterministicIdForSamePayload()" classname="gitlet.CommitTest" time="0.011"/>
  <testcase name="createSerializeDeserializeRoundTrip()" classname="gitlet.CommitTest" time="0.002"/>
  <testcase name="deserializeRejectsGarbage()" classname="gitlet.CommitTest" time="0.001"/>
  <testcase name="invalidMessageRejected()" classname="gitlet.CommitTest" time="0.001"/>
  <system-out><![CDATA[]]></system-out>
  <system-err><![CDATA[]]></system-err>
</testsuite>
