<?xml version="1.0" encoding="UTF-8"?>
<testsuite name="gitlet.FileObjectStoreTest" tests="6" skipped="0" failures="0" errors="0" timestamp="2025-08-05T19:46:26" hostname="Erics-MacBook-Air.local" time="0.027">
  <properties/>
  <testcase name="resolvePrefixHandlesUniqueAmbiguousAndNone()" classname="gitlet.FileObjectStoreTest" time="0.008"/>
  <testcase name="writeBlobCalledTwiceLeavesFileUnchanged()" classname="gitlet.FileObjectStoreTest" time="0.005"/>
  <testcase name="readBlobThrowsWhenMissing()" classname="gitlet.FileObjectStoreTest" time="0.004"/>
  <testcase name="existsReflectsWrittenObjects()" classname="gitlet.FileObjectStoreTest" time="0.004"/>
  <testcase name="differentContentProducesDifferentIds()" classname="gitlet.FileObjectStoreTest" time="0.003"/>
  <testcase name="writeThenReadReturnsSameBytes()" classname="gitlet.FileObjectStoreTest" time="0.003"/>
  <system-out><![CDATA[]]></system-out>
  <system-err><![CDATA[]]></system-err>
</testsuite>
