<?xml version="1.0" encoding="UTF-8"?>
<testsuite name="src.test.java.gitlet.RepositoryInitTest" tests="1" skipped="0" failures="0" errors="0" timestamp="2025-07-28T23:21:28" hostname="Erics-MacBook-Air.local" time="0.02">
  <properties/>
  <testcase name="initCreatesExpectedLayout()" classname="src.test.java.gitlet.RepositoryInitTest" time="0.02"/>
  <system-out><![CDATA[]]></system-out>
  <system-err><![CDATA[]]></system-err>
</testsuite>
