<?xml version="1.0" encoding="UTF-8"?>
<testsuite name="gitlet.ObjectStoreTest" tests="2" skipped="0" failures="0" errors="0" timestamp="2025-08-05T19:46:26" hostname="Erics-MacBook-Air.local" time="0.008">
  <properties/>
  <testcase name="writeReadCommit()" classname="gitlet.ObjectStoreTest" time="0.004"/>
  <testcase name="writeReadBlob()" classname="gitlet.ObjectStoreTest" time="0.004"/>
  <system-out><![CDATA[]]></system-out>
  <system-err><![CDATA[]]></system-err>
</testsuite>
