<?xml version="1.0" encoding="UTF-8"?>
<testsuite name="gitlet.RepositoryInitTest" tests="3" skipped="0" failures="0" errors="0" timestamp="2025-07-31T07:28:26" hostname="Erics-MacBook-Air.local" time="0.014">
  <properties/>
  <testcase name="headPointsToMaster()" classname="gitlet.RepositoryInitTest" time="0.008"/>
  <testcase name="initTwicePrintsExactMessageAndDoesNotChangeHead()" classname="gitlet.RepositoryInitTest" time="0.002"/>
  <testcase name="initCreatesExpectedLayout()" classname="gitlet.RepositoryInitTest" time="0.002"/>
  <system-out><![CDATA[]]></system-out>
  <system-err><![CDATA[]]></system-err>
</testsuite>
